C51 COMPILER V9.59.0.0   MAIN_FF_MS1_SLAVE                                                 05/19/2021 09:16:44 PAGE 1   


C51 COMPILER V9.59.0.0, COMPILATION OF MODULE MAIN_FF_MS1_SLAVE
OBJECT MODULE PLACED IN .\Objects\main_FF_MS1_Slave.obj
COMPILER INVOKED BY: C:\Keil_v5\C51\BIN\C51.EXE main_FF_MS1_Slave.c LARGE OPTIMIZE(8,SPEED) BROWSE DEBUG OBJECTEXTEND PR
                    -INT(.\Listings\main_FF_MS1_Slave.lst) TABS(2) OBJECT(.\Objects\main_FF_MS1_Slave.obj)

line level    source

   1          //-----------------------------------------------------------------------------
   2          // main_FF-MS1_Slave.c
   3          //-----------------------------------------------------------------------------
   4          //// AUTH: Hadrien Barret// DATE: 11/05/21
   5          
   6          //-----------------------------------------------------------------------------
   7          // Includes
   8          //-----------------------------------------------------------------------------
   9          #include <c8051f020.h> // SFR declarations
  10          #include <c8051f020_SFR16.h>
  11          
  12          
  13          
  14          
  15          //-----------------------------------------------------------------------------
  16          // Global CONSTANTS and Ports definition
  17          //-----------------------------------------------------------------------------
  18          
  19          sbit FF_MS1_SELECT_SLAVE = P2^0;
  20          
  21          
  22          //-----------------------------------------------------------------------------
  23          // Fonctions prototypes
  24          //-----------------------------------------------------------------------------
  25          
  26          void SYSCLK_Init (void);
  27          void WD_disable (void);
  28          void SLAVE_SPI0_Configuration(void);
  29          void Envoyer_MSG(char c);
  30          void INT_TRANSMISSION_SPI0(void);
  31          void SLAVE_Pins_Configuration(void);
  32          
  33          
  34          //-----------------------------------------------------------------------------
  35          // MAIN Routine
  36          //-----------------------------------------------------------------------------
  37          
  38          void main (void) {
  39   1      
  40   1        WD_disable(); // Désactive Watchdog 
  41   1        SYSCLK_Init(); // initialize oscillator
  42   1        SLAVE_SPI0_Configuration();
  43   1        SLAVE_Pins_Configuration();
  44   1        
  45   1        while (1){}
  46   1      }
  47          
  48          //-----------------------------------------------------------------------------
  49          // Sous routine d'init de la clk système
  50          //-----------------------------------------------------------------------------
  51          
  52          void SYSCLK_Init (void){
  53   1        int i;
  54   1        // delay counter
C51 COMPILER V9.59.0.0   MAIN_FF_MS1_SLAVE                                                 05/19/2021 09:16:44 PAGE 2   

  55   1        OSCXCN = 0x67;
  56   1        // start external oscillator with
  57   1        // 22.1184MHz crystal
  58   1        for (i=0; i < 256; i++) ;
  59   1        // wait for XTLVLD to stabilize
  60   1        while (!(OSCXCN & 0x80)) ;
  61   1        // Wait for crystal osc. to settle
  62   1        OSCICN = 0x88;
  63   1        // select external oscillator as SYSCLK
  64   1        // source and enable missing clock
  65   1        // detector
  66   1        }
  67          
  68          //-----------------------------------------------------------------------------
  69          // Sous-routine de desable du watchdog 
  70          //-----------------------------------------------------------------------------
  71            
  72          void WD_disable (void){
  73   1        WDTCN = 0xde; // disable watchdog timer
  74   1        WDTCN = 0xad;
  75   1        }
  76          
  77          //-----------------------------------------------------------------------------
  78          // Sous-routine de config de la liasion SPI0 pour la carte Slave
  79          //-----------------------------------------------------------------------------
  80            
  81          void SLAVE_SPI0_Configuration(void){
  82   1        //Interruption enable pour la liaison SPI0
  83   1        EIE1 |= (1<<0);
  84   1        EA = 1; // Global interruption enable
  85   1        
  86   1        //Enabled/Disabled : SPIEN, SPI0CN.0
  87   1        //Mode master : MSTEN, SPI0CN.1 = 1
  88   1        SPI0CN |= (1<<0);
  89   1        
  90   1        //SPI0CFG[2:0] = 111 pour 8 bits de donnees
  91   1        //SPI0CFG[5:3] : savoir quel est le dernier bit qui a ete transfere
  92   1        SPI0CFG |= (7<<0);
  93   1        
  94   1      }
  95          
  96          //-----------------------------------------------------------------------------
  97          // Sous-routines de config des ports pour la carte Slave
  98          //-----------------------------------------------------------------------------
  99          
 100          void SLAVE_Pins_Configuration(void){
 101   1        //SPI0 sur le crossbar 
 102   1        XBR0 |= (1<<1);
 103   1        
 104   1        //Crossbar activé 
 105   1        XBR2 |= (1<<6);
 106   1        
 107   1        
 108   1        P0MDOUT |= (1<<0) + (1<<2) + (1<<3); //SCK, MOSI, NSS  SLAVE en push pull
 109   1        P2MDOUT |= (1<<0);
 110   1      }
 111          //-----------------------------------------------------------------------------
 112          // Sous-routines de communication
 113          //-----------------------------------------------------------------------------
 114          
 115          void Envoyer_MSG(char c){
 116   1        // Pas besoin d'envoyer de msg depuis la slave sauf retour d'info pour la centrale de CMD
C51 COMPILER V9.59.0.0   MAIN_FF_MS1_SLAVE                                                 05/19/2021 09:16:44 PAGE 3   

 117   1        //Slave en écoute 
 118   1        FF_MS1_SELECT_SLAVE = 0;
 119   1        
 120   1        //Encodage valeur et transmission
 121   1        SPI0DAT = c;
 122   1        SPIF = 0;
 123   1        // Attente flag absaissé
 124   1        while(SPIF != 1){}
 125   1        SPIF = 0;
 126   1        //Slave plus en écoute
 127   1        FF_MS1_SELECT_SLAVE = 1;
 128   1      }
 129          
 130          //-----------------------------------------------------------------------------
 131          // Sous-routines des fonctions d'interruption
 132          //-----------------------------------------------------------------------------
 133          
 134          void INT_TRANSMISSION_SPI0(void) interrupt 6 {
 135   1        SPIF = 0; 
 136   1      }


MODULE INFORMATION:   STATIC OVERLAYABLE
   CODE SIZE        =     91    ----
   CONSTANT SIZE    =   ----    ----
   XDATA SIZE       =   ----    ----
   PDATA SIZE       =   ----    ----
   DATA SIZE        =   ----    ----
   IDATA SIZE       =   ----    ----
   BIT SIZE         =   ----    ----
END OF MODULE INFORMATION.


C51 COMPILATION COMPLETE.  0 WARNING(S),  0 ERROR(S)
